Station:                        Cape Henry LB 2CH
 Observed data time period from: /12/01/2021  to /01/01/2022with gaps of    0.00 days
 Data gap is filled by SVD method
 Data are not filtered
-------------------------------------------------------------------------------------------
 VARIABLE     X      N    IMAX    SM    RMSE    SD     NOF   CF    POF   MDNO  MDPO  WOF  CORR  SKILL
 CRITERION    -      -      -      -      -      -     <1%  >90%   <1%    <N    <N  <.5%
-------------------------------------------------------------------------------------------

     SCENARIO: SEMI-OPERATIONAL NOWCAST  
D                          7200 206.308
d                          7200 202.208
D-d         22.5   dg 24h  7200   2.029  9.380  9.159   0.0  95.6   0.2    0.0   0.6        0.78  0.88
DFC-dfc    22.5 dg 24h       39   1.774  6.634  6.476   0.0 100.0   0.0    0.0   0.0        0.00
DEC-dec    22.5 dg 24h       39   2.610 10.362 10.159   0.0  94.9   0.0    0.0   0.0        0.00
     SCENARIO: SEMI-OPERATIONAL FORECAST 
D006-d006   22.5   dg 24h    72   4.553 10.906  9.980   0.0  95.8   0.0    0.0   0.0        0.99
D012-d012   22.5   dg 24h    68   2.608 12.710 12.532   0.0  94.1   0.0    0.0   0.0        0.99
D018-d018   22.5   dg 24h    71   3.519 14.098 13.749   0.0  87.3   1.4    0.0   0.0        0.99
D024-d024   22.5   dg 24h    69   4.666 14.980 14.339   0.0  88.4   1.4    0.0   0.0        0.99
D030-d030   22.5   dg 24h    71   3.681 15.379 15.038   1.4  91.5   1.4    0.0   0.0        0.99
D036-d036   22.5   dg 24h    65   3.196 14.559 14.314   1.5  93.8   1.5    0.0   0.0        0.99
D042-d042   22.5   dg 24h    69   4.127 15.935 15.504   2.9  89.9   1.4    0.0   0.0        0.98
D048-d048   22.5   dg 24h    67   3.498 10.677 10.164   0.0  95.5   0.0    0.0   0.0        0.99
