
 Station:                        Cape Henry LB 2CH
 Observed data time period from: /12/01/2021  to /01/01/2022 with gaps of    0.00 days
 Data gap is filled by SVD method
 Data are not filtered
-------------------------------------------------------------------------------------------
 VARIABLE     X       N    IMAX     SM    RMSE    SD     NOF   CF    POF   MDNO  MDPO  WOF   CORR  SKILL
 CRITERION    -       -      -       -      -      -     <1%  >90%   <1%    <N    <N  <.5%
-------------------------------------------------------------------------------------------

     SCENARIO: SEMI-OPERATIONAL NOWCAST  
U                          7200   0.414
u                          7200   0.386
U-u           26 cm/s 24h  7200   0.028  0.153  0.150   0.1  91.5   0.1    0.3   0.3        0.82  0.90
AFC-afc    26 cm/s 24h       39  -0.002  0.119  0.120   0.0 100.0   0.0    0.0   0.0        0.29
AEC-aec    26 cm/s 24h       39  -0.077  0.145  0.124   0.0  89.7   0.0    0.0   0.0        0.31
TFC-tfc    0.50h   25h       39  -0.618  0.795  0.506  20.5  38.5   0.0    0.0   0.0        0.00
TEC-tec    0.50h   25h       39  -0.431  0.832  0.721  25.6  46.2   2.6   13.2   0.0        0.00
TSF-tsf    0.25h   25h       32  -0.387  0.768  0.674  15.6  50.0   3.1    0.0   0.0        0.00
TEF-tef    0.25h   25h       35  -0.348  1.019  0.972  14.3  42.9   8.6    0.0   0.0        0.00
TSE-tse    0.25h   25h       33  -0.048  0.501  0.507   3.0  69.7   3.0    0.0   0.0        0.00
TEE-tee    0.25h   25h       34  -0.346  0.647  0.555  11.8  73.5   2.9    0.0   0.0        0.00
     SCENARIO: SEMI-OPERATIONAL FORECAST 
U006-u006     26 cm/s 24h    72   0.053  0.170  0.163   0.0  88.9   2.8    0.0   0.0        0.65
U012-u012     26 cm/s 24h    68   0.035  0.152  0.149   0.0  89.7   0.0    0.0   0.0        0.66
U018-u018     26 cm/s 24h    71   0.040  0.158  0.154   0.0  94.4   1.4    0.0   0.0        0.66
U024-u024     26 cm/s 24h    69   0.035  0.175  0.173   0.0  89.9   1.4    0.0   0.0        0.59
U030-u030     26 cm/s 24h    71   0.031  0.174  0.173   0.0  87.3   1.4    0.0   0.0        0.63
U036-u036     26 cm/s 24h    65   0.038  0.185  0.183   0.0  83.1   0.0    0.0   0.0        0.54
U042-u042     26 cm/s 24h    69   0.051  0.195  0.189   0.0  85.5   1.4    0.0   0.0        0.52
U048-u048     26 cm/s 24h    67   0.046  0.185  0.181   0.0  85.1   1.5    0.0   0.0        0.56
