Station:               Newport News Channel LB 14
 Observed data time period from: /12/01/2021  to /01/02/2022with gaps of    0.30 days
 Data gap is filled by SVD method
 Data are not filtered
-------------------------------------------------------------------------------------------
 VARIABLE     X      N    IMAX    SM    RMSE    SD     NOF   CF    POF   MDNO  MDPO  WOF  CORR  SKILL
 CRITERION    -      -      -      -      -      -     <1%  >90%   <1%    <N    <N  <.5%
-------------------------------------------------------------------------------------------

     SCENARIO: SEMI-OPERATIONAL NOWCAST  
D                          7131 176.121
d                          7131 148.791
D-d         22.5   dg 24h  7131  -4.090 33.943 33.698   4.7  77.9   2.7    1.1   1.1        0.59  0.77
DFC-dfc    22.5 dg 24h       13  18.028 27.632 21.796   0.0  53.8   7.7    0.0   0.0        0.00
DEC-dec    22.5 dg 24h       11  14.019 24.910 21.596   0.0  72.7   9.1    0.0   0.0        0.00
     SCENARIO: SEMI-OPERATIONAL FORECAST 
D006-d006   22.5   dg 24h    80  -4.681 41.289 41.282   5.0  57.5   6.2    0.0   0.0        0.81
D012-d012   22.5   dg 24h    78  -3.879 32.820 32.801   6.4  56.4   6.4   11.8   0.0        0.86
D018-d018   22.5   dg 24h    73  -2.559 32.439 32.562   5.5  65.8   6.8    0.0   0.0        0.88
D024-d024   22.5   dg 24h    75  -7.970 39.917 39.377   6.7  66.7   5.3    0.0   0.0        0.87
D030-d030   22.5   dg 24h    73  -1.587 33.504 33.698   2.7  72.6   2.7    0.0   0.0        0.92
D036-d036   22.5   dg 24h    75  -6.120 33.584 33.244   5.3  69.3   4.0    0.0   0.0        0.91
D042-d042   22.5   dg 24h    75  -1.985 40.611 40.836   4.0  58.7   5.3    0.0  11.8        0.86
D048-d048   22.5   dg 24h    72  -0.391 42.375 42.670   2.8  66.7   8.3    0.0  11.8        0.84
