
 Station:               Newport News Channel LB 14
 Observed data time period from: /12/01/2021  to /01/02/2022 with gaps of    0.30 days
 Data gap is filled by SVD method
 Data are not filtered
-------------------------------------------------------------------------------------------
 VARIABLE     X       N    IMAX     SM    RMSE    SD     NOF   CF    POF   MDNO  MDPO  WOF   CORR  SKILL
 CRITERION    -       -      -       -      -      -     <1%  >90%   <1%    <N    <N  <.5%
-------------------------------------------------------------------------------------------

     SCENARIO: SEMI-OPERATIONAL NOWCAST  
U                          7131   0.316
u                          7131   0.563
U-u           26 cm/s 24h  7131  -0.247  0.334  0.225  12.0  56.5   0.0    0.9   0.0        0.23  0.47
AFC-afc    26 cm/s 24h       13  -0.406  0.449  0.199  30.8  23.1   0.0    0.0   0.0       -0.24
AEC-aec    26 cm/s 24h       11  -0.508  0.553  0.230  45.5   0.0   0.0    0.0   0.0       -0.16
TFC-tfc    0.50h   25h       13  -0.339  1.026  1.008  23.1  15.4  15.4    0.0   0.0        0.00
TEC-tec    0.50h   25h       11   0.045  1.148  1.203  18.2  27.3  18.2    0.0   0.0        0.00
TSF-tsf    0.25h   25h        4  -0.813  1.188  1.000  50.0   0.0   0.0    0.0   0.0        0.00
TEF-tef    0.25h   25h        4   0.723  1.511  1.532   0.0  50.0  25.0    0.0   0.0        0.00
TSE-tse    0.25h   25h        5  -0.970  1.183  0.757  60.0  20.0   0.0    0.0   0.0        0.00
TEE-tee    0.25h   25h        6   0.913  1.200  0.853   0.0  33.3  33.3    0.0   0.0        0.00
     SCENARIO: SEMI-OPERATIONAL FORECAST 
U006-u006     26 cm/s 24h    80  -0.174  0.255  0.188   6.2  73.8   0.0    0.0   0.0        0.29
U012-u012     26 cm/s 24h    78  -0.183  0.253  0.176   6.4  66.7   0.0    5.9   0.0        0.23
U018-u018     26 cm/s 24h    73  -0.185  0.263  0.187   6.8  72.6   0.0    0.0   0.0        0.18
U024-u024     26 cm/s 24h    75  -0.156  0.238  0.181   4.0  81.3   0.0    0.0   0.0        0.22
U030-u030     26 cm/s 24h    73  -0.197  0.261  0.172   4.1  67.1   0.0    0.0   0.0        0.08
U036-u036     26 cm/s 24h    75  -0.145  0.245  0.200   4.0  77.3   0.0    0.0   0.0        0.02
U042-u042     26 cm/s 24h    75  -0.185  0.260  0.184   5.3  70.7   0.0    0.0   0.0        0.05
U048-u048     26 cm/s 24h    72  -0.163  0.234  0.170   0.0  63.9   0.0    0.0   0.0        0.08
