Station:                        Dominion Terminal
 Observed data time period from: /12/01/2021  to /01/01/2022with gaps of    0.00 days
 Data gap is filled by SVD method
 Data are not filtered
-------------------------------------------------------------------------------------------
 VARIABLE     X      N    IMAX    SM    RMSE    SD     NOF   CF    POF   MDNO  MDPO  WOF  CORR  SKILL
 CRITERION    -      -      -      -      -      -     <1%  >90%   <1%    <N    <N  <.5%
-------------------------------------------------------------------------------------------

     SCENARIO: SEMI-OPERATIONAL NOWCAST  
D                          7200 218.215
d                          7200 170.203
D-d         22.5   dg 24h  7200   7.433 19.768 18.319   0.0  83.4   4.8    0.0   0.9        0.58  0.71
DEC-dec    22.5 dg 24h       28  34.426 35.494  8.798   0.0  10.7   7.1    0.0   0.0        0.00
     SCENARIO: SEMI-OPERATIONAL FORECAST 
D006-d006   22.5   dg 24h    22  38.017 42.407 19.231   0.0   9.1  27.3    0.0  11.8        0.94
D012-d012   22.5   dg 24h    23  38.111 41.548 16.919   0.0   8.7  26.1    0.0   0.0        0.93
D018-d018   22.5   dg 24h    23  36.355 39.121 14.773   0.0  13.0  30.4    0.0   0.0        0.95
D024-d024   22.5   dg 24h    23  35.237 39.614 18.508   0.0  26.1  30.4    0.0   0.0        0.93
D030-d030   22.5   dg 24h    22  24.344 47.179 41.365   4.5  31.8  22.7    0.0   0.0        0.89
D036-d036   22.5   dg 24h    19  37.229 41.371 18.537   0.0  15.8  26.3    0.0   0.0        0.93
D042-d042   22.5   dg 24h    25  37.000 38.495 10.843   0.0   4.0  16.0    0.0   0.0        0.98
D048-d048   22.5   dg 24h    21  36.218 37.441  9.727   0.0  14.3   9.5    0.0   0.0        0.97
