
 Station:                        Dominion Terminal
 Observed data time period from: /12/01/2021  to /01/01/2022 with gaps of    0.00 days
 Data gap is filled by SVD method
 Data are not filtered
-------------------------------------------------------------------------------------------
 VARIABLE     X       N    IMAX     SM    RMSE    SD     NOF   CF    POF   MDNO  MDPO  WOF   CORR  SKILL
 CRITERION    -       -      -       -      -      -     <1%  >90%   <1%    <N    <N  <.5%
-------------------------------------------------------------------------------------------

     SCENARIO: SEMI-OPERATIONAL NOWCAST  
U                          7200   0.416
u                          7200   0.173
U-u           26 cm/s 24h  7200   0.243  0.308  0.190   0.0  51.4   7.2    0.0   1.5        0.51  0.47
AEC-aec    26 cm/s 24h       28   0.270  0.285  0.092   0.0  46.4   0.0    0.0   0.0        0.29
TEC-tec    0.50h   25h       28   0.193  0.895  0.890  10.7  32.1  10.7    0.0   0.0        0.00
TSE-tse    0.25h   25h        7   0.655  1.497  1.454  14.3  28.6  42.9    0.0   0.0        0.00
TEE-tee    0.25h   25h       14  -0.387  1.010  0.968  14.3  14.3  14.3    0.0   0.0        0.00
     SCENARIO: SEMI-OPERATIONAL FORECAST 
U006-u006     26 cm/s 24h    22   0.320  0.352  0.151   0.0  27.3   9.1    0.0  11.8        0.16
U012-u012     26 cm/s 24h    23   0.316  0.361  0.179   0.0  34.8  13.0    0.0   0.0        0.07
U018-u018     26 cm/s 24h    23   0.289  0.337  0.176   0.0  47.8   8.7    0.0   0.0        0.24
U024-u024     26 cm/s 24h    23   0.314  0.360  0.181   0.0  39.1  17.4    0.0   0.0        0.17
U030-u030     26 cm/s 24h    22   0.315  0.344  0.142   0.0  27.3   4.5    0.0   0.0        0.32
U036-u036     26 cm/s 24h    19   0.319  0.346  0.136   0.0  31.6  10.5    0.0   0.0        0.46
U042-u042     26 cm/s 24h    25   0.312  0.343  0.146   0.0  32.0   8.0    0.0   0.0        0.38
U048-u048     26 cm/s 24h    21   0.295  0.320  0.128   0.0  28.6   0.0    0.0   0.0        0.43
