Station:                      Cove Point LNG Pier
 Observed data time period from: /12/01/2021  to /01/01/2022with gaps of    0.00 days
 Data gap is filled by SVD method
 Data are not filtered
-------------------------------------------------------------------------------------------
 VARIABLE     X      N    IMAX    SM    RMSE    SD     NOF   CF    POF   MDNO  MDPO  WOF  CORR  SKILL
 CRITERION    -      -      -      -      -      -     <1%  >90%   <1%    <N    <N  <.5%
-------------------------------------------------------------------------------------------

     SCENARIO: SEMI-OPERATIONAL NOWCAST  
D                          7201 200.314
d                          7201 207.275
D-d         22.5   dg 24h  7201   1.810  5.204  4.880   0.0  99.7   0.0    0.0   0.0        0.70  0.84
DFC-dfc    22.5 dg 24h       21   1.912  6.824  6.713   0.0 100.0   0.0    0.0   0.0        0.00
DEC-dec    22.5 dg 24h       43   6.228  8.857  6.373   0.0 100.0   0.0    0.0   0.0        0.00
     SCENARIO: SEMI-OPERATIONAL FORECAST 
D006-d006   22.5   dg 24h    45   5.539  9.395  7.674   0.0 100.0   0.0    0.0   0.0        1.00
D012-d012   22.5   dg 24h    42   5.962  9.530  7.525   0.0 100.0   0.0    0.0   0.0        0.99
D018-d018   22.5   dg 24h    43   6.293  9.233  6.837   0.0 100.0   0.0    0.0   0.0        1.00
D024-d024   22.5   dg 24h    46   5.423  9.085  7.370   0.0 100.0   0.0    0.0   0.0        1.00
D030-d030   22.5   dg 24h    47   4.944  8.262  6.691   0.0 100.0   0.0    0.0   0.0        1.00
D036-d036   22.5   dg 24h    44   4.500  8.368  7.136   0.0 100.0   0.0    0.0   0.0        1.00
D042-d042   22.5   dg 24h    43   5.872  8.541  6.275   0.0 100.0   0.0    0.0   0.0        1.00
D048-d048   22.5   dg 24h    39   6.164  8.879  6.474   0.0 100.0   0.0    0.0   0.0        1.00
