
 Station:                      Cove Point LNG Pier
 Observed data time period from: /12/01/2021  to /01/01/2022 with gaps of    0.00 days
 Data gap is filled by SVD method
 Data are not filtered
-------------------------------------------------------------------------------------------
 VARIABLE     X       N    IMAX     SM    RMSE    SD     NOF   CF    POF   MDNO  MDPO  WOF   CORR  SKILL
 CRITERION    -       -      -       -      -      -     <1%  >90%   <1%    <N    <N  <.5%
-------------------------------------------------------------------------------------------

     SCENARIO: SEMI-OPERATIONAL NOWCAST  
U                          7201   0.269
u                          7201   0.247
U-u           26 cm/s 24h  7201   0.022  0.125  0.123   0.0  96.5   0.0    0.1   0.0        0.72  0.84
AFC-afc    26 cm/s 24h       21  -0.127  0.163  0.105   0.0  85.7   0.0    0.0   0.0        0.24
AEC-aec    26 cm/s 24h       43   0.019  0.113  0.112   0.0  95.3   0.0    0.0   0.0        0.11
TFC-tfc    0.50h   25h       21  -0.605  0.882  0.658  33.3  38.1   0.0    0.0   0.0        0.00
TEC-tec    0.50h   25h       43  -0.072  0.859  0.866  14.0  39.5  14.0    0.0   0.0        0.00
TSF-tsf    0.25h   25h       15   0.553  1.040  0.911   0.0  46.7  26.7    0.0   0.0        0.00
TEF-tef    0.25h   25h       13  -0.320  0.756  0.713   7.7  53.8   7.7    0.0   0.0        0.00
TSE-tse    0.25h   25h       31  -0.343  1.057  1.016  29.0  22.6   9.7    0.0   0.0        0.00
TEE-tee    0.25h   25h       32  -0.447  1.077  0.995  37.5  43.8   6.2   62.7   0.0        0.00
     SCENARIO: SEMI-OPERATIONAL FORECAST 
U006-u006     26 cm/s 24h    45   0.028  0.140  0.139   0.0  91.1   0.0    0.0   0.0        0.60
U012-u012     26 cm/s 24h    42   0.026  0.141  0.140   0.0  88.1   0.0    0.0   0.0        0.58
U018-u018     26 cm/s 24h    43   0.029  0.143  0.141   0.0  88.4   0.0    0.0   0.0        0.53
U024-u024     26 cm/s 24h    46   0.039  0.136  0.132   0.0  93.5   0.0    0.0   0.0        0.55
U030-u030     26 cm/s 24h    47   0.039  0.130  0.125   0.0  95.7   0.0    0.0   0.0        0.59
U036-u036     26 cm/s 24h    44   0.039  0.130  0.126   0.0  97.7   0.0    0.0   0.0        0.60
U042-u042     26 cm/s 24h    43   0.036  0.124  0.120   0.0  97.7   0.0    0.0   0.0        0.66
U048-u048     26 cm/s 24h    39   0.039  0.134  0.130   0.0  92.3   0.0    0.0   0.0        0.63
