Station:                Chesapeake Channel LLB 92
 Observed data time period from: /12/01/2021  to /01/01/2022with gaps of    0.10 days
 Data gap is filled by SVD method
 Data are not filtered
-------------------------------------------------------------------------------------------
 VARIABLE     X      N    IMAX    SM    RMSE    SD     NOF   CF    POF   MDNO  MDPO  WOF  CORR  SKILL
 CRITERION    -      -      -      -      -      -     <1%  >90%   <1%    <N    <N  <.5%
-------------------------------------------------------------------------------------------

     SCENARIO: SEMI-OPERATIONAL NOWCAST  
D                          7178 136.794
d                          7178 150.933
D-d         22.5   dg 24h  7178  -1.900 13.295 13.160   0.1  87.3   0.1    0.3   0.1        0.59  0.78
DFC-dfc    22.5 dg 24h       38  12.006 15.039  9.178   0.0  89.5   0.0    0.0   0.0        0.00
DEC-dec    22.5 dg 24h       39 -16.961 19.446  9.636   0.0  66.7   0.0    0.0   0.0        0.00
     SCENARIO: SEMI-OPERATIONAL FORECAST 
D006-d006   22.5   dg 24h    58  -6.628 20.247 19.299   0.0  62.1   0.0    0.0   0.0        0.90
D012-d012   22.5   dg 24h    43  -5.636 19.704 19.104   0.0  67.4   0.0    0.0   0.0        0.87
D018-d018   22.5   dg 24h    48  -7.511 20.298 19.056   0.0  66.7   0.0    0.0   0.0        0.88
D024-d024   22.5   dg 24h    50  -7.381 19.766 18.523   0.0  68.0   0.0    0.0   0.0        0.89
D030-d030   22.5   dg 24h    54  -6.226 19.130 18.259   0.0  74.1   0.0    0.0   0.0        0.90
D036-d036   22.5   dg 24h    54  -7.255 21.021 19.914   1.9  72.2   0.0    0.0   0.0        0.90
D042-d042   22.5   dg 24h    51  -6.724 21.057 20.153   2.0  74.5   0.0    0.0   0.0        0.80
D048-d048   22.5   dg 24h    55  -4.949 19.279 18.804   0.0  76.4   1.8    0.0   0.0        0.89
