
 Station:                Chesapeake Channel LLB 92
 Observed data time period from: /12/01/2021  to /01/01/2022 with gaps of    0.10 days
 Data gap is filled by SVD method
 Data are not filtered
-------------------------------------------------------------------------------------------
 VARIABLE     X       N    IMAX     SM    RMSE    SD     NOF   CF    POF   MDNO  MDPO  WOF   CORR  SKILL
 CRITERION    -       -      -       -      -      -     <1%  >90%   <1%    <N    <N  <.5%
-------------------------------------------------------------------------------------------

     SCENARIO: SEMI-OPERATIONAL NOWCAST  
U                          7178   0.375
u                          7178   0.267
U-u           26 cm/s 24h  7178   0.108  0.199  0.167   0.0  80.7   0.6    0.0   1.5        0.63  0.71
AFC-afc    26 cm/s 24h       38   0.054  0.097  0.082   0.0 100.0   0.0    0.0   0.0       -0.14
AEC-aec    26 cm/s 24h       39   0.220  0.267  0.153   0.0  53.8   0.0    0.0   0.0       -0.12
TFC-tfc    0.50h   25h       38  -0.960  1.147  0.635  47.4  23.7   0.0   61.7   0.0        0.00
TEC-tec    0.50h   25h       39  -0.385  0.993  0.928  28.2  30.8   7.7   27.4   0.0        0.00
TSF-tsf    0.25h   25h       27   0.288  0.974  0.948   7.4  37.0  25.9    0.0   0.0        0.00
TEF-tef    0.25h   25h       30  -0.851  0.995  0.526  33.3  16.7   0.0   23.6   0.0        0.00
TSE-tse    0.25h   25h       31  -0.365  0.713  0.623  19.4  51.6   0.0    0.0   0.0        0.00
TEE-tee    0.25h   25h       34  -0.963  1.152  0.642  52.9  23.5   0.0    0.0   0.0        0.00
     SCENARIO: SEMI-OPERATIONAL FORECAST 
U006-u006     26 cm/s 24h    58   0.136  0.221  0.175   0.0  79.3   0.0    0.0   0.0        0.21
U012-u012     26 cm/s 24h    43   0.129  0.218  0.177   0.0  74.4   0.0    0.0   0.0        0.19
U018-u018     26 cm/s 24h    48   0.134  0.230  0.188   0.0  75.0   0.0    0.0   0.0        0.19
U024-u024     26 cm/s 24h    50   0.141  0.223  0.175   0.0  74.0   0.0    0.0   0.0        0.28
U030-u030     26 cm/s 24h    54   0.150  0.224  0.169   0.0  72.2   1.9    0.0   0.0        0.28
U036-u036     26 cm/s 24h    54   0.154  0.222  0.161   0.0  70.4   0.0    0.0   0.0        0.33
U042-u042     26 cm/s 24h    51   0.149  0.235  0.184   0.0  70.6   2.0    0.0   0.0        0.19
U048-u048     26 cm/s 24h    55   0.154  0.227  0.169   0.0  74.5   1.8    0.0   0.0        0.33
