
 Station:                          Chesapeake City
 Observed data time period from: /12/01/2021  to /01/01/2022 with gaps of    0.00 days
 Data gap is filled by SVD method
 Data are not filtered
-------------------------------------------------------------------------------------------
 VARIABLE     X       N    IMAX     SM    RMSE    SD     NOF   CF    POF   MDNO  MDPO  WOF   CORR  SKILL
 CRITERION    -       -      -       -      -      -     <1%  >90%   <1%    <N    <N  <.5%
-------------------------------------------------------------------------------------------

     SCENARIO: SEMI-OPERATIONAL NOWCAST  
U                          7200   0.364
u                          7200   0.588
U-u           26 cm/s 24h  7200  -0.224  0.310  0.215   6.9  50.1   0.0    5.1   0.0        0.78  0.72
AFC-afc    26 cm/s 24h       54  -0.360  0.377  0.113   9.3  16.7   0.0   11.4   0.0        0.45
AEC-aec    26 cm/s 24h       44  -0.480  0.496  0.123  43.2   0.0   0.0  123.3   0.0        0.38
TFC-tfc    0.50h   25h       54   0.096  0.413  0.405   0.0  74.1   0.0    0.0   0.0        0.00
TEC-tec    0.50h   25h       44  -0.321  0.532  0.430   4.5  59.1   0.0    0.0   0.0        0.00
TSF-tsf    0.25h   25h       53  -1.246  1.381  0.602  73.6   5.7   0.0  111.5   0.0        0.00
TEF-tef    0.25h   25h       54  -0.144  0.606  0.595   0.0  68.5   3.7    0.0   0.0        0.00
TSE-tse    0.25h   25h       42  -0.961  1.043  0.410  52.4   7.1   0.0   85.6   0.0        0.00
TEE-tee    0.25h   25h       42  -0.367  0.568  0.439   7.1  61.9   0.0    0.0   0.0        0.00
     SCENARIO: SEMI-OPERATIONAL FORECAST 
U006-u006     26 cm/s 24h    69  -0.290  0.334  0.167   8.7  44.9   0.0    0.0   0.0        0.74
U012-u012     26 cm/s 24h    69  -0.290  0.328  0.154   2.9  37.7   0.0    0.0   0.0        0.77
U018-u018     26 cm/s 24h    67  -0.295  0.338  0.166   6.0  40.3   0.0    0.0   0.0        0.72
U024-u024     26 cm/s 24h    73  -0.279  0.327  0.171   4.1  42.5   0.0    0.0   0.0        0.75
U030-u030     26 cm/s 24h    72  -0.277  0.322  0.166   8.3  50.0   0.0    0.0   0.0        0.74
U036-u036     26 cm/s 24h    73  -0.273  0.326  0.180   8.2  50.7   0.0    0.0   0.0        0.70
U042-u042     26 cm/s 24h    71  -0.292  0.341  0.177   9.9  39.4   0.0    0.0   0.0        0.69
U048-u048     26 cm/s 24h    72  -0.303  0.346  0.167  13.9  40.3   0.0    0.0   0.0        0.70
