Station:                          Chesapeake City
 Observed data time period from: /12/01/2021  to /01/01/2022with gaps of    0.00 days
 Data gap is filled by SVD method
 Data are not filtered
-------------------------------------------------------------------------------------------
 VARIABLE     X      N    IMAX    SM    RMSE    SD     NOF   CF    POF   MDNO  MDPO  WOF  CORR  SKILL
 CRITERION    -      -      -      -      -      -     <1%  >90%   <1%    <N    <N  <.5%
-------------------------------------------------------------------------------------------

     SCENARIO: SEMI-OPERATIONAL NOWCAST  
D                          7200 186.927
d                          7200 177.302
D-d         22.5   dg 24h  7200   4.469  6.761  5.074   0.0 100.0   0.0    0.1   0.0        0.74  0.86
DFC-dfc    22.5 dg 24h       54   6.538  6.655  1.257   0.0 100.0   0.0    0.0   0.0        0.00
DEC-dec    22.5 dg 24h       44   8.235  8.316  1.177   0.0 100.0   0.0    0.0   0.0        0.00
     SCENARIO: SEMI-OPERATIONAL FORECAST 
D006-d006   22.5   dg 24h    69   7.294  7.563  2.016   0.0 100.0   0.0    0.0   0.0        1.00
D012-d012   22.5   dg 24h    69   7.516  7.767  1.973   0.0 100.0   0.0    0.0   0.0        1.00
D018-d018   22.5   dg 24h    67   7.435  7.692  1.987   0.0 100.0   0.0    0.0   0.0        1.00
D024-d024   22.5   dg 24h    73   7.694  7.972  2.100   0.0 100.0   0.0    0.0   0.0        1.00
D030-d030   22.5   dg 24h    72   7.731  8.011  2.113   0.0 100.0   0.0    0.0   0.0        1.00
D036-d036   22.5   dg 24h    73   7.485  7.864  2.426   0.0 100.0   0.0    0.0   0.0        1.00
D042-d042   22.5   dg 24h    71   7.374  7.646  2.035   0.0 100.0   0.0    0.0   0.0        1.00
D048-d048   22.5   dg 24h    72   7.451  7.738  2.105   0.0 100.0   0.0    0.0   0.0        1.00
